<testng-results>
  <reporter-output>
  </reporter-output>
  <suite name="GAS-test">
    <groups>
    </groups>
    <test name="org.domain.GAS.test.RegistrazioneCyberContadinoTest">
      <class name="org.domain.GAS.test.RegistrazioneCyberContadinoTest">
        <test-method status="PASS" signature="cleanupClass()" name="cleanupClass" is-config="true" duration-ms="1" started-at="2009-11-15T22:09:24Z" finished-at="2009-11-15T22:09:24Z">
        </test-method>
        <test-method status="PASS" signature="end()" name="end" is-config="true" duration-ms="0" started-at="2009-11-15T22:09:24Z" finished-at="2009-11-15T22:09:24Z">
        </test-method>
        <test-method status="PASS" signature="stopSeam()" name="stopSeam" is-config="true" duration-ms="2" started-at="2009-11-15T22:09:24Z" finished-at="2009-11-15T22:09:24Z">
        </test-method>
        <test-method status="PASS" signature="begin()" name="begin" is-config="true" duration-ms="989" started-at="2009-11-15T22:09:23Z" finished-at="2009-11-15T22:09:24Z">
        </test-method>
        <test-method status="PASS" signature="setupClass()" name="setupClass" is-config="true" duration-ms="511" started-at="2009-11-15T22:09:22Z" finished-at="2009-11-15T22:09:23Z">
        </test-method>
        <test-method status="PASS" signature="startSeam()" name="startSeam" is-config="true" duration-ms="42793" started-at="2009-11-15T22:08:39Z" finished-at="2009-11-15T22:09:22Z">
        </test-method>
        <test-method status="FAIL" signature="test_registrazioneCyberContadino()" name="test_registrazioneCyberContadino" duration-ms="223" started-at="2009-11-15T22:09:24Z" finished-at="2009-11-15T22:09:24Z">
          <exception class="java.lang.AssertionError">
            <message>
              <![CDATA[javax.el.PropertyNotFoundException: Target Unreachable, 'provincia' returned null on 'org.domain.GAS.session.ComuneProvinciaBean_$$_javassist_1']]>
            </message>
            <full-stacktrace>
              <![CDATA[java.lang.AssertionError: javax.el.PropertyNotFoundException: Target Unreachable, 'provincia' returned null on 'org.domain.GAS.session.ComuneProvinciaBean_$$_javassist_1'
	at org.jboss.seam.mock.AbstractSeamTest$Request.onException(AbstractSeamTest.java:455)
	at org.jboss.seam.mock.AbstractSeamTest$Request$2.doFilter(AbstractSeamTest.java:504)
	at org.jboss.seam.servlet.SeamFilter$FilterChainImpl.doFilter(SeamFilter.java:83)
	at org.jboss.seam.web.IdentityFilter.doFilter(IdentityFilter.java:40)
	at org.jboss.seam.servlet.SeamFilter$FilterChainImpl.doFilter(SeamFilter.java:69)
	at org.jboss.seam.web.MultipartFilter.doFilter(MultipartFilter.java:90)
	at org.jboss.seam.servlet.SeamFilter$FilterChainImpl.doFilter(SeamFilter.java:69)
	at org.jboss.seam.web.ExceptionFilter.doFilter(ExceptionFilter.java:64)
	at org.jboss.seam.servlet.SeamFilter$FilterChainImpl.doFilter(SeamFilter.java:69)
	at org.jboss.seam.web.RedirectFilter.doFilter(RedirectFilter.java:45)
	at org.jboss.seam.servlet.SeamFilter$FilterChainImpl.doFilter(SeamFilter.java:69)
	at org.ajax4jsf.webapp.BaseXMLFilter.doXmlFilter(BaseXMLFilter.java:177)
	at org.ajax4jsf.webapp.BaseFilter.handleRequest(BaseFilter.java:267)
	at org.ajax4jsf.webapp.BaseFilter.processUploadsAndHandleRequest(BaseFilter.java:380)
	at org.ajax4jsf.webapp.BaseFilter.doFilter(BaseFilter.java:507)
	at org.jboss.seam.web.Ajax4jsfFilter.doFilter(Ajax4jsfFilter.java:56)
	at org.jboss.seam.servlet.SeamFilter$FilterChainImpl.doFilter(SeamFilter.java:69)
	at org.jboss.seam.web.LoggingFilter.doFilter(LoggingFilter.java:58)
	at org.jboss.seam.servlet.SeamFilter$FilterChainImpl.doFilter(SeamFilter.java:69)
	at org.jboss.seam.web.HotDeployFilter.doFilter(HotDeployFilter.java:53)
	at org.jboss.seam.servlet.SeamFilter$FilterChainImpl.doFilter(SeamFilter.java:69)
	at org.jboss.seam.servlet.SeamFilter.doFilter(SeamFilter.java:158)
	at org.jboss.seam.mock.AbstractSeamTest$Request.run(AbstractSeamTest.java:491)
	at org.domain.GAS.test.RegistrazioneCyberContadinoTest.test_registrazioneCyberContadino(RegistrazioneCyberContadinoTest.java:74)
	at sun.reflect.NativeMethodAccessorImpl.invoke0(Native Method)
	at sun.reflect.NativeMethodAccessorImpl.invoke(NativeMethodAccessorImpl.java:39)
	at sun.reflect.DelegatingMethodAccessorImpl.invoke(DelegatingMethodAccessorImpl.java:25)
	at java.lang.reflect.Method.invoke(Method.java:585)
	at org.testng.internal.MethodHelper.invokeMethod(MethodHelper.java:607)
	at org.testng.internal.Invoker.invokeMethod(Invoker.java:517)
	at org.testng.internal.Invoker.invokeTestMethod(Invoker.java:669)
	at org.testng.internal.Invoker.invokeTestMethods(Invoker.java:956)
	at org.testng.internal.TestMethodWorker.invokeTestMethods(TestMethodWorker.java:126)
	at org.testng.internal.TestMethodWorker.run(TestMethodWorker.java:110)
	at org.testng.TestRunner.runWorkers(TestRunner.java:759)
	at org.testng.TestRunner.privateRun(TestRunner.java:592)
	at org.testng.TestRunner.run(TestRunner.java:486)
	at org.testng.SuiteRunner.runTest(SuiteRunner.java:332)
	at org.testng.SuiteRunner.runSequentially(SuiteRunner.java:327)
	at org.testng.SuiteRunner.privateRun(SuiteRunner.java:299)
	at org.testng.SuiteRunner.run(SuiteRunner.java:204)
	at org.testng.TestNG.createAndRunSuiteRunners(TestNG.java:877)
	at org.testng.TestNG.runSuitesLocally(TestNG.java:842)
	at org.testng.TestNG.run(TestNG.java:751)
	at org.testng.remote.RemoteTestNG.run(RemoteTestNG.java:73)
	at org.testng.remote.RemoteTestNG.main(RemoteTestNG.java:124)
Caused by: javax.el.PropertyNotFoundException: Target Unreachable, 'provincia' returned null on 'org.domain.GAS.session.ComuneProvinciaBean_$$_javassist_1'
	at org.jboss.el.parser.AstPropertySuffix.getTarget(AstPropertySuffix.java:40)
	at org.jboss.el.parser.AstValue.getTarget(AstValue.java:47)
	at org.jboss.el.parser.AstValue.setValue(AstValue.java:83)
	at org.jboss.el.ValueExpressionImpl.setValue(ValueExpressionImpl.java:249)
	at org.jboss.seam.core.Validators.validate(Validators.java:132)
	at org.jboss.seam.mock.AbstractSeamTest$Request.validateValue(AbstractSeamTest.java:440)
	at org.domain.GAS.test.RegistrazioneCyberContadinoTest$1.processValidations(RegistrazioneCyberContadinoTest.java:20)
	at org.jboss.seam.mock.AbstractSeamTest$Request.processValidationsPhase(AbstractSeamTest.java:687)
	at org.jboss.seam.mock.AbstractSeamTest$Request.emulateJsfLifecycle(AbstractSeamTest.java:589)
	at org.jboss.seam.mock.AbstractSeamTest$Request.access$300(AbstractSeamTest.java:177)
	at org.jboss.seam.mock.AbstractSeamTest$Request$2.doFilter(AbstractSeamTest.java:497)
	... 44 more
]]>
            </full-stacktrace>
          </exception>
        </test-method>
      </class>
    </test>
  </suite>
</testng-results>
